<?xml version="1.0" encoding="UTF-8"?>
<!-- Generated by org.testng.reporters.JUnitReportReporter -->
<testsuite skipped="0" hostname="TECH-SHIVAMMI" name="regression.TestLoginFlow" tests="1" failures="0" timestamp="2020-03-16T22:55:06 IST" time="34.863" errors="0">
  <testcase name="testLogin" time="34.863" classname="regression.TestLoginFlow"/>
</testsuite> <!-- regression.TestLoginFlow -->
